<?xml version="1.0" encoding="UTF-8"?>
<!-- Generated by org.testng.reporters.JUnitXMLReporter -->
<testsuite hostname="VHHC9QC0KXX9FSG" name="Default test" tests="1" failures="0" timestamp="15 Feb 2017 10:35:22 GMT" time="0.267" errors="0">
  <testcase name="mapLocSearNearbyAndroid on AbstractTest(manager=com.yd.test.framework.core.httpclient.HttpConnectionManager@56de5251, resultMap={}, currentPackage=TaskPackage(packageName=null, host=null, port=0, protocol=null, taskList=[Task(id=1, testName=mapLocSearNearbyAndroid, uri=/map/location/search, protocol=http, methodType=get, refTask=null, headers=null, params={local_lat=39.989708, lng=116.316462, address_type=1, mobile=1.6883132885E10, session_id=android_861795031479572_1487149768615, out_coord_type=baidu, local_city=鍖椾含, is_inland=1, place_type=2, in_coord_type=baidu, radius=2000, local_lng=116.316462, lat=39.989708}, expectedResult=null), Task(id=2, testName=mapLocSearNearbyIOS, uri=/map/location/search, protocol=http, methodType=get, refTask=null, headers=null, params={keywords=, lng=116.317136, local_lat=39.983685, city=鍖椾含, mobile=, session_id=ios:35D06D0D-1665-40BC-9B11-B80F2F72635C:1487154627, nonce=1.48715462735881E15, out_coord_type=mars, local_city=鍖椾含, is_inland=1, place_type=2, in_coord_type=baidu, lat=39.98968, local_lng=116.310614, page_size=5}, expectedResult=null)]), currentTask=Task(id=1, testName=mapLocSearNearbyAndroid, uri=/map/location/search, protocol=http, methodType=get, refTask=null, headers=null, params={local_lat=39.989708, lng=116.316462, address_type=1, mobile=1.6883132885E10, session_id=android_861795031479572_1487149768615, out_coord_type=baidu, local_city=鍖椾含, is_inland=1, place_type=2, in_coord_type=baidu, radius=2000, local_lng=116.316462, lat=39.989708}, expectedResult=null), totalParams={})" time="0.245" classname="com.yd.testckd.UserLocation"/>
</testsuite> <!-- Default test -->
